0:0:0:0:0:0:0:1 -  -  [18/Nov/2010:05:03:01 +0000] "GET /texo HTTP/1.1" 404 1291 
0:0:0:0:0:0:0:1 -  -  [18/Nov/2010:05:03:01 +0000] "GET /favicon.ico HTTP/1.1" 404 1312 
0:0:0:0:0:0:0:1 -  -  [18/Nov/2010:05:03:27 +0000] "GET /org.eclipse.emf.texo.jetty HTTP/1.1" 404 1357 
0:0:0:0:0:0:0:1 -  -  [18/Nov/2010:05:03:27 +0000] "GET /favicon.ico HTTP/1.1" 404 1312 
0:0:0:0:0:0:0:1 -  -  [18/Nov/2010:05:04:25 +0000] "GET /texo HTTP/1.1" 404 1291 
0:0:0:0:0:0:0:1 -  -  [18/Nov/2010:05:04:25 +0000] "GET /favicon.ico HTTP/1.1" 404 1312 
0:0:0:0:0:0:0:1 -  -  [18/Nov/2010:05:05:03 +0000] "GET /texo HTTP/1.1" 404 1291 
0:0:0:0:0:0:0:1 -  -  [18/Nov/2010:05:05:03 +0000] "GET /favicon.ico HTTP/1.1" 404 1312 
0:0:0:0:0:0:0:1 -  -  [18/Nov/2010:05:05:03 +0000] "GET /texo HTTP/1.1" 404 1291 
0:0:0:0:0:0:0:1 -  -  [18/Nov/2010:05:05:03 +0000] "GET /favicon.ico HTTP/1.1" 404 1312 
0:0:0:0:0:0:0:1 -  -  [18/Nov/2010:05:05:04 +0000] "GET /texo HTTP/1.1" 404 1291 
0:0:0:0:0:0:0:1 -  -  [18/Nov/2010:05:05:04 +0000] "GET /favicon.ico HTTP/1.1" 404 1312 
0:0:0:0:0:0:0:1 -  -  [18/Nov/2010:05:05:06 +0000] "GET / HTTP/1.1" 404 1279 
0:0:0:0:0:0:0:1 -  -  [18/Nov/2010:05:05:06 +0000] "GET /favicon.ico HTTP/1.1" 404 1312 
0:0:0:0:0:0:0:1 -  -  [18/Nov/2010:05:05:49 +0000] "GET /test HTTP/1.1" 404 1291 
0:0:0:0:0:0:0:1 -  -  [18/Nov/2010:05:05:49 +0000] "GET /favicon.ico HTTP/1.1" 404 1312 
0:0:0:0:0:0:0:1 -  -  [18/Nov/2010:05:06:38 +0000] "GET /texo HTTP/1.1" 404 1291 
0:0:0:0:0:0:0:1 -  -  [18/Nov/2010:05:06:38 +0000] "GET /favicon.ico HTTP/1.1" 404 1312 
0:0:0:0:0:0:0:1 -  -  [18/Nov/2010:05:11:31 +0000] "GET /texo HTTP/1.1" 404 1291 
0:0:0:0:0:0:0:1 -  -  [18/Nov/2010:05:11:31 +0000] "GET /favicon.ico HTTP/1.1" 404 1312 
0:0:0:0:0:0:0:1 -  -  [18/Nov/2010:05:13:46 +0000] "GET /texo/helloworld.html HTTP/1.1" 404 1339 
0:0:0:0:0:0:0:1 -  -  [18/Nov/2010:05:13:46 +0000] "GET /favicon.ico HTTP/1.1" 404 1312 
0:0:0:0:0:0:0:1 -  -  [18/Nov/2010:05:13:50 +0000] "GET /helloworld.html HTTP/1.1" 404 1324 
0:0:0:0:0:0:0:1 -  -  [18/Nov/2010:05:13:50 +0000] "GET /favicon.ico HTTP/1.1" 404 1312 
0:0:0:0:0:0:0:1 -  -  [18/Nov/2010:05:14:40 +0000] "GET /helloworld.html HTTP/1.1" 404 1324 
0:0:0:0:0:0:0:1 -  -  [18/Nov/2010:05:14:40 +0000] "GET /favicon.ico HTTP/1.1" 404 1312 
0:0:0:0:0:0:0:1 -  -  [18/Nov/2010:05:14:42 +0000] "GET /texo/helloworld.html HTTP/1.1" 404 1339 
0:0:0:0:0:0:0:1 -  -  [18/Nov/2010:05:14:42 +0000] "GET /favicon.ico HTTP/1.1" 404 1312 
0:0:0:0:0:0:0:1 -  -  [18/Nov/2010:05:25:52 +0000] "GET /texo/helloworld.html HTTP/1.1" 404 1339 
0:0:0:0:0:0:0:1 -  -  [18/Nov/2010:05:25:52 +0000] "GET /favicon.ico HTTP/1.1" 404 1312 
0:0:0:0:0:0:0:1 -  -  [18/Nov/2010:05:25:53 +0000] "GET /texo/helloworld.html HTTP/1.1" 404 1339 
0:0:0:0:0:0:0:1 -  -  [18/Nov/2010:05:25:53 +0000] "GET /favicon.ico HTTP/1.1" 404 1312 
0:0:0:0:0:0:0:1 -  -  [18/Nov/2010:05:25:56 +0000] "GET /texo/ HTTP/1.1" 404 1294 
0:0:0:0:0:0:0:1 -  -  [18/Nov/2010:05:25:56 +0000] "GET /favicon.ico HTTP/1.1" 404 1312 
0:0:0:0:0:0:0:1 -  -  [18/Nov/2010:05:25:59 +0000] "GET /texo HTTP/1.1" 404 1291 
0:0:0:0:0:0:0:1 -  -  [18/Nov/2010:05:25:59 +0000] "GET /favicon.ico HTTP/1.1" 404 1312 
0:0:0:0:0:0:0:1 -  -  [18/Nov/2010:05:28:02 +0000] "GET /texo HTTP/1.1" 404 1291 
0:0:0:0:0:0:0:1 -  -  [18/Nov/2010:05:28:02 +0000] "GET /favicon.ico HTTP/1.1" 404 1312 
0:0:0:0:0:0:0:1 -  -  [18/Nov/2010:05:28:55 +0000] "GET /texo/web HTTP/1.1" 404 1303 
0:0:0:0:0:0:0:1 -  -  [18/Nov/2010:05:28:55 +0000] "GET /favicon.ico HTTP/1.1" 404 1312 
0:0:0:0:0:0:0:1 -  -  [18/Nov/2010:05:28:59 +0000] "GET /texo/web/index.html HTTP/1.1" 404 1336 
0:0:0:0:0:0:0:1 -  -  [18/Nov/2010:05:28:59 +0000] "GET /favicon.ico HTTP/1.1" 404 1312 
0:0:0:0:0:0:0:1 -  -  [18/Nov/2010:05:34:27 +0000] "GET /org.eclipse.emf.texo.jetty HTTP/1.1" 404 1357 
0:0:0:0:0:0:0:1 -  -  [18/Nov/2010:05:34:27 +0000] "GET /favicon.ico HTTP/1.1" 404 1312 
0:0:0:0:0:0:0:1 -  -  [18/Nov/2010:05:35:57 +0000] "GET /texo/servlet/org.eclipse.emf.texo.jetty.Servlet HTTP/1.1" 404 1420 
0:0:0:0:0:0:0:1 -  -  [18/Nov/2010:05:35:57 +0000] "GET /favicon.ico HTTP/1.1" 404 1312 
0:0:0:0:0:0:0:1 -  -  [18/Nov/2010:05:36:00 +0000] "GET /texo/servlets/org.eclipse.emf.texo.jetty.Servlet HTTP/1.1" 404 1423 
0:0:0:0:0:0:0:1 -  -  [18/Nov/2010:05:36:00 +0000] "GET /favicon.ico HTTP/1.1" 404 1312 
0:0:0:0:0:0:0:1 -  -  [18/Nov/2010:05:40:05 +0000] "GET /texo/servlets/org.eclipse.emf.texo.jetty.Servlet HTTP/1.1" 200 13 
0:0:0:0:0:0:0:1 -  -  [18/Nov/2010:05:40:05 +0000] "GET /favicon.ico HTTP/1.1" 404 1312 
0:0:0:0:0:0:0:1 -  -  [18/Nov/2010:05:40:08 +0000] "GET /texo HTTP/1.1" 302 0 
0:0:0:0:0:0:0:1 -  -  [18/Nov/2010:05:40:08 +0000] "GET /texo/ HTTP/1.1" 200 13 
0:0:0:0:0:0:0:1 -  -  [18/Nov/2010:05:40:08 +0000] "GET /favicon.ico HTTP/1.1" 404 1312 
0:0:0:0:0:0:0:1 -  -  [18/Nov/2010:05:40:11 +0000] "GET /texo/web HTTP/1.1" 200 13 
0:0:0:0:0:0:0:1 -  -  [18/Nov/2010:05:40:11 +0000] "GET /favicon.ico HTTP/1.1" 404 1312 
0:0:0:0:0:0:0:1 -  -  [18/Nov/2010:05:40:15 +0000] "GET /texo/web/index.html HTTP/1.1" 200 13 
0:0:0:0:0:0:0:1 -  -  [18/Nov/2010:05:40:15 +0000] "GET /favicon.ico HTTP/1.1" 404 1312 
0:0:0:0:0:0:0:1 -  -  [18/Nov/2010:05:41:44 +0000] "GET /texo/web/index.html HTTP/1.1" 200 291 
0:0:0:0:0:0:0:1 -  -  [18/Nov/2010:05:41:45 +0000] "GET /favicon.ico HTTP/1.1" 404 1312 
0:0:0:0:0:0:0:1 -  -  [18/Nov/2010:05:41:49 +0000] "GET /texo/test HTTP/1.1" 200 13 
0:0:0:0:0:0:0:1 -  -  [18/Nov/2010:05:41:49 +0000] "GET /favicon.ico HTTP/1.1" 404 1312 
